c:\users\nikolai\source\repos\getblad\thegame\thegame\x64\debug\vc143.pdb
c:\users\nikolai\source\repos\getblad\thegame\thegame\x64\debug\vc143.idb
c:\users\nikolai\source\repos\getblad\thegame\thegame\x64\debug\thegame.obj
<<<<<<< HEAD:TheGame/x64/Debug/TheGame.Build.CppClean.log
c:\users\nikolai\source\repos\getblad\thegame\thegame\x64\debug\thegame.ilk
c:\users\nikolai\source\repos\getblad\thegame\x64\debug\thegame.exe
c:\users\nikolai\source\repos\getblad\thegame\x64\debug\thegame.pdb
c:\users\nikolai\source\repos\getblad\thegame\thegame\x64\debug\thegame.res
c:\users\nikolai\source\repos\getblad\thegame\thegame\x64\debug\thegame.tlog\cl.command.1.tlog
c:\users\nikolai\source\repos\getblad\thegame\thegame\x64\debug\thegame.tlog\cl.read.1.tlog
c:\users\nikolai\source\repos\getblad\thegame\thegame\x64\debug\thegame.tlog\cl.write.1.tlog
c:\users\nikolai\source\repos\getblad\thegame\thegame\x64\debug\thegame.tlog\link.command.1.tlog
c:\users\nikolai\source\repos\getblad\thegame\thegame\x64\debug\thegame.tlog\link.read.1.tlog
c:\users\nikolai\source\repos\getblad\thegame\thegame\x64\debug\thegame.tlog\link.write.1.tlog
c:\users\nikolai\source\repos\getblad\thegame\thegame\x64\debug\thegame.tlog\rc.command.1.tlog
c:\users\nikolai\source\repos\getblad\thegame\thegame\x64\debug\thegame.tlog\rc.read.1.tlog
c:\users\nikolai\source\repos\getblad\thegame\thegame\x64\debug\thegame.tlog\rc.write.1.tlog
=======
c:\users\nikolai\source\repos\getblad\thegame\x64\debug\thegame.exe
c:\users\nikolai\source\repos\getblad\thegame\thegame\x64\debug\thegame.ilk
c:\users\nikolai\source\repos\getblad\thegame\x64\debug\thegame.pdb
c:\users\nikolai\source\repos\getblad\thegame\thegame\x64\debug\thegame.res
d:\users\pavel\source\repos\thegame\thegame\x64\debug\thegame.obj
d:\users\pavel\source\repos\thegame\thegame\x64\debug\thegame.new.obj.enc
d:\users\pavel\source\repos\thegame\thegame\x64\debug\thegame.ilk
d:\users\pavel\source\repos\thegame\thegame\x64\debug\thegame.res
d:\users\pavel\source\repos\thegame\thegame\x64\debug\vc143.idb
d:\users\pavel\source\repos\thegame\thegame\x64\debug\vc143.pdb
d:\users\pavel\source\repos\thegame\x64\debug\thegame.pdb
d:\users\pavel\source\repos\thegame\x64\debug\thegame.exe
d:\users\pavel\source\repos\thegame\thegame\x64\debug\thegame.tlog\cl.command.1.tlog
d:\users\pavel\source\repos\thegame\thegame\x64\debug\thegame.tlog\cl.read.1.tlog
d:\users\pavel\source\repos\thegame\thegame\x64\debug\thegame.tlog\cl.write.1.tlog
d:\users\pavel\source\repos\thegame\thegame\x64\debug\thegame.tlog\link.command.1.tlog
d:\users\pavel\source\repos\thegame\thegame\x64\debug\thegame.tlog\link.read.1.tlog
d:\users\pavel\source\repos\thegame\thegame\x64\debug\thegame.tlog\link.write.1.tlog
d:\users\pavel\source\repos\thegame\thegame\x64\debug\thegame.tlog\rc.command.1.tlog
d:\users\pavel\source\repos\thegame\thegame\x64\debug\thegame.tlog\rc.read.1.tlog
d:\users\pavel\source\repos\thegame\thegame\x64\debug\thegame.tlog\rc.write.1.tlog
>>>>>>> 306e9fda25f3c1dff40647b3771d01c5872be70c:x64/Debug/TheGame.Build.CppClean.log
